<?xml version="1.0" encoding="UTF-8"?>
<testsuite xmlns:xsi="http://www.w3.org/2001/XMLSchema-instance" xsi:noNamespaceSchemaLocation="https://maven.apache.org/surefire/maven-surefire-plugin/xsd/surefire-test-report-3.0.xsd" version="3.0" name="com.zhku.meeting.MeetingApplicationTests" time="3.807" tests="1" errors="0" skipped="0" failures="0">
  <properties>
[...]
</properties>
  <testcase name="contextLoads" classname="com.zhku.meeting.MeetingApplicationTests" time="0.894">
    <system-out><![CDATA[20:12:12.161 [main] INFO org.springframework.test.context.support.AnnotationConfigContextLoaderUtils -- Could not detect default configuration classes for test class [com.zhku.meeting.MeetingApplicationTests]: MeetingApplicationTests does not declare any static, non-private, non-final, nested classes annotated with @Configuration.
20:12:12.268 [main] INFO org.springframework.boot.test.context.SpringBootTestContextBootstrapper -- Found @SpringBootConfiguration com.zhku.meeting.MeetingApplication for test class com.zhku.meeting.MeetingApplicationTests

  .   ____          _            __ _ _
 /\\ / ___'_ __ _ _(_)_ __  __ _ \ \ \ \
( ( )\___ | '_ | '_| | '_ \/ _` | \ \ \ \
 \\/  ___)| |_)| | | | | || (_| |  ) ) ) )
  '  |____| .__|_| |_|_| |_\__, | / / / /
 =========|_|==============|___/=/_/_/_/
 :: Spring Boot ::                (v3.2.3)

2025-05-20T20:12:12.642+08:00  INFO 14984 --- [           main] c.zhku.meeting.MeetingApplicationTests   : Starting MeetingApplicationTests using Java 21.0.2 with PID 14984 (started by 11529 in D:\CODING\IDEA-coding\SpringVue\LBS\MeetingRoom\BackEnd)
2025-05-20T20:12:12.643+08:00 DEBUG 14984 --- [           main] c.zhku.meeting.MeetingApplicationTests   : Running with Spring Boot v3.2.3, Spring v6.1.4
2025-05-20T20:12:12.643+08:00  INFO 14984 --- [           main] c.zhku.meeting.MeetingApplicationTests   : No active profile set, falling back to 1 default profile: "default"
2025-05-20T20:12:13.960+08:00  INFO 14984 --- [           main] com.alibaba.druid.pool.DruidDataSource   : {dataSource-1} inited
2025-05-20T20:12:14.905+08:00  INFO 14984 --- [           main] c.zhku.meeting.MeetingApplicationTests   : Started MeetingApplicationTests in 2.513 seconds (process running for 3.442)
]]></system-out>
    <system-err><![CDATA[log4j:WARN No appenders could be found for logger (druid.sql.Connection).
log4j:WARN Please initialize the log4j system properly.
log4j:WARN See http://logging.apache.org/log4j/1.2/faq.html#noconfig for more info.
WARNING: A Java agent has been loaded dynamically (C:\Users\11529\.m2\repository\net\bytebuddy\byte-buddy-agent\1.14.12\byte-buddy-agent-1.14.12.jar)
WARNING: If a serviceability tool is in use, please run with -XX:+EnableDynamicAgentLoading to hide this warning
WARNING: If a serviceability tool is not in use, please run with -Djdk.instrument.traceUsage for more information
WARNING: Dynamic loading of agents will be disallowed by default in a future release
]]></system-err>
  </testcase>
</testsuite>